SF:lib\app\modules\auth\change-password\presenter\controllers\change_password_controller.g.dart
DA:12,2
DA:13,4
DA:15,2
DA:17,4
DA:18,2
DA:21,2
DA:23,8
DA:24,2
DA:28,2
DA:29,1
DA:31,1
DA:33,2
DA:34,1
DA:37,0
DA:39,0
DA:40,0
DA:44,2
DA:46,1
DA:48,1
DA:50,2
DA:51,1
DA:54,0
DA:56,0
DA:57,0
DA:58,0
DA:62,2
DA:63,4
DA:65,2
DA:67,4
DA:68,2
DA:71,2
DA:73,7
DA:74,1
DA:78,2
DA:79,4
DA:81,2
DA:83,4
DA:84,2
DA:87,2
DA:89,7
DA:90,1
DA:94,4
DA:96,2
DA:98,1
DA:100,2
DA:101,1
DA:104,2
DA:106,7
DA:107,1
DA:111,4
DA:113,2
DA:115,2
DA:117,8
DA:120,2
DA:121,4
DA:123,1
DA:125,1
DA:126,1
DA:128,1
DA:130,2
DA:134,0
DA:137,0
DA:140,0
DA:142,0
DA:146,0
DA:149,0
DA:153,0
DA:155,0
DA:159,2
DA:161,2
DA:162,2
DA:164,2
DA:166,4
DA:170,2
DA:172,2
DA:173,2
DA:175,2
DA:177,4
DA:181,2
DA:184,4
DA:187,2
DA:189,4
DA:193,0
DA:195,0
DA:196,0
DA:198,0
DA:200,0
DA:204,0
DA:207,0
DA:210,0
DA:212,0
DA:216,0
DA:218,0
DA:219,0
DA:221,0
DA:223,0
DA:227,0
DA:230,0
DA:231,0
DA:232,0
DA:233,0
DA:234,0
DA:235,0
DA:236,0
LF:104
LH:67
end_of_record
SF:lib\app\modules\auth\change-password\presenter\controllers\change_password_controller.dart
DA:16,2
DA:21,1
DA:22,1
DA:27,0
DA:28,0
DA:33,0
DA:35,0
DA:40,2
DA:41,2
DA:46,2
DA:47,2
DA:52,2
DA:53,2
DA:55,0
DA:57,0
DA:60,0
DA:62,0
DA:63,0
DA:66,2
DA:68,4
DA:69,8
DA:70,6
DA:71,2
DA:72,1
DA:73,3
DA:78,0
DA:80,0
LF:27
LH:16
end_of_record
SF:lib\app\modules\auth\change-password\presenter\states\change_password_state.dart
DA:4,16
DA:12,14
DA:18,2
LF:3
LH:3
end_of_record
SF:lib\generated\l10n.dart
DA:16,9
DA:20,6
DA:21,6
DA:28,9
DA:29,9
DA:30,0
DA:31,9
DA:32,9
DA:33,27
DA:34,9
DA:35,9
DA:42,4
DA:43,4
DA:44,4
DA:49,4
DA:50,4
DA:54,0
DA:55,0
DA:59,0
DA:64,2
DA:65,2
DA:69,2
DA:74,2
DA:75,2
DA:79,2
DA:84,1
DA:85,1
DA:89,1
DA:94,1
DA:95,1
DA:99,1
DA:104,1
DA:105,1
DA:109,1
DA:114,1
DA:115,1
DA:119,1
DA:124,1
DA:125,1
DA:129,1
DA:134,1
DA:135,1
DA:139,1
DA:144,2
DA:145,2
DA:149,2
DA:154,1
DA:155,1
DA:159,1
DA:164,1
DA:165,1
DA:169,1
DA:174,1
DA:175,1
DA:176,1
DA:179,1
DA:184,0
DA:185,0
DA:189,0
DA:194,3
DA:195,3
DA:196,3
DA:199,3
DA:204,0
DA:205,0
DA:206,0
DA:209,0
DA:214,0
DA:215,0
DA:217,0
DA:236,0
DA:241,1
DA:242,1
DA:246,1
DA:251,1
DA:252,1
DA:256,1
DA:261,1
DA:262,1
DA:266,1
DA:271,0
DA:272,0
DA:276,0
DA:281,0
DA:282,0
DA:286,0
DA:292,15
DA:294,4
DA:301,4
DA:302,4
DA:303,4
DA:304,4
DA:305,0
DA:308,4
DA:309,8
DA:310,12
LF:96
LH:74
end_of_record
SF:lib\shared\domain\usecases\change_password_usecase.dart
DA:14,1
DA:16,1
DA:20,2
DA:21,1
DA:22,3
LF:5
LH:5
end_of_record
SF:lib\shared\helpers\errors\auth_errors.dart
DA:6,12
DA:7,48
LF:2
LH:2
end_of_record
SF:lib\app\modules\auth\success-change-password\presenter\ui\success_change_password_page.dart
DA:9,10
DA:11,1
DA:13,1
DA:14,1
DA:15,1
DA:16,1
DA:17,1
DA:18,3
DA:22,1
DA:23,2
DA:24,0
DA:25,0
LF:12
LH:10
end_of_record
SF:lib\shared\themes\app_colors.dart
DA:4,0
DA:5,6
DA:6,4
DA:7,3
LF:4
LH:3
end_of_record
SF:lib\shared\widgets\auth_button_widget.dart
DA:7,4
DA:9,4
DA:11,4
DA:13,4
DA:15,4
DA:16,4
DA:17,4
DA:20,4
DA:21,4
DA:22,4
LF:10
LH:10
end_of_record
SF:lib\generated\intl\messages_all.dart
DA:23,27
DA:24,18
DA:25,0
DA:28,9
DA:30,9
DA:31,9
DA:32,0
DA:33,0
DA:40,9
DA:41,9
DA:42,27
DA:43,0
DA:45,0
DA:47,18
DA:48,9
DA:49,27
DA:50,18
DA:51,9
DA:54,9
DA:56,9
DA:62,9
DA:64,9
DA:66,9
LF:23
LH:18
end_of_record
SF:lib\generated\intl\messages_en.dart
DA:16,27
DA:21,0
DA:23,0
DA:39,0
DA:41,1
DA:42,1
DA:44,0
DA:46,6
DA:49,18
DA:51,9
DA:53,9
DA:55,9
DA:57,9
DA:59,9
DA:60,9
DA:61,9
DA:62,9
DA:63,9
DA:66,9
DA:68,9
DA:70,9
DA:72,9
DA:74,9
DA:75,9
DA:79,9
DA:80,9
DA:81,9
LF:27
LH:23
end_of_record
SF:lib\generated\intl\messages_pt_BR.dart
DA:16,0
DA:21,0
DA:23,0
DA:40,0
DA:42,0
DA:43,0
DA:45,0
DA:46,0
DA:48,0
DA:51,0
DA:53,0
DA:55,0
DA:57,0
DA:59,0
DA:61,0
DA:62,0
DA:63,0
DA:64,0
DA:65,0
DA:68,0
DA:70,0
DA:72,0
DA:74,0
DA:76,0
DA:77,0
DA:81,0
DA:82,0
DA:84,0
LF:28
LH:0
end_of_record
SF:lib\shared\themes\app_text_styles.dart
DA:5,0
DA:10,12
DA:15,0
DA:20,0
DA:24,9
DA:28,0
DA:32,0
LF:7
LH:2
end_of_record
SF:lib\shared\helpers\utils\validation_helper.dart
DA:4,1
DA:8,1
DA:9,1
DA:10,2
DA:11,1
DA:12,2
DA:17,1
DA:20,1
DA:21,1
DA:22,2
DA:23,1
DA:24,2
DA:29,0
DA:31,0
DA:32,0
DA:33,0
DA:34,0
DA:39,0
DA:40,0
DA:41,0
DA:42,0
DA:43,0
LF:22
LH:12
end_of_record
SF:lib\app\modules\auth\forgot-password\presenter\controllers\forgot_password_controller.g.dart
DA:12,2
DA:13,4
DA:15,2
DA:17,4
DA:18,2
DA:21,2
DA:23,8
DA:24,2
DA:28,2
DA:29,4
DA:31,2
DA:33,4
DA:34,2
DA:37,2
DA:39,8
DA:40,2
DA:44,4
DA:46,2
DA:48,2
DA:50,2
DA:51,6
DA:54,2
DA:55,4
DA:57,2
DA:59,2
DA:60,2
DA:62,2
DA:64,4
DA:68,2
DA:70,2
DA:71,2
DA:73,2
DA:75,4
DA:79,0
DA:81,0
DA:82,0
DA:84,0
DA:86,0
DA:90,0
DA:93,0
DA:94,0
DA:95,0
LF:42
LH:33
end_of_record
SF:lib\app\modules\auth\forgot-password\presenter\controllers\forgot_password_controller.dart
DA:16,2
DA:21,2
DA:22,2
DA:27,2
DA:28,2
DA:30,0
DA:32,0
DA:35,2
DA:37,4
DA:38,6
DA:39,6
DA:40,2
DA:41,1
DA:42,4
LF:14
LH:12
end_of_record
SF:lib\app\modules\auth\forgot-password\presenter\states\forgot_password_state.dart
DA:4,12
DA:12,10
DA:18,2
LF:3
LH:3
end_of_record
SF:lib\shared\domain\usecases\forgot_password_usecase.dart
DA:13,1
DA:15,1
DA:17,2
DA:18,1
DA:19,3
LF:5
LH:5
end_of_record
SF:lib\app\modules\auth\auth_module.dart
DA:23,5
DA:24,5
DA:25,8
DA:26,8
DA:27,8
DA:28,5
DA:29,0
DA:30,5
DA:31,5
DA:32,0
DA:33,5
DA:34,0
DA:35,5
DA:36,0
DA:37,5
DA:38,0
DA:39,5
DA:40,5
DA:43,0
DA:44,0
DA:45,0
DA:46,0
DA:47,0
DA:48,0
DA:50,0
DA:52,0
DA:54,0
DA:56,0
DA:58,0
DA:60,0
DA:62,0
DA:64,0
DA:65,0
LF:33
LH:13
end_of_record
SF:lib\app\modules\auth\change-password\presenter\ui\change_password_page.dart
DA:18,1
DA:20,1
DA:22,2
DA:23,1
DA:24,1
DA:25,1
DA:26,2
DA:27,1
DA:29,1
DA:30,1
DA:31,1
DA:32,1
DA:33,1
DA:34,1
DA:35,1
DA:36,2
DA:38,1
DA:40,2
DA:48,1
DA:49,2
DA:53,1
DA:55,1
DA:56,2
DA:58,2
DA:59,1
DA:62,1
DA:63,2
DA:64,1
DA:65,1
DA:67,1
DA:69,1
DA:74,1
DA:75,2
DA:76,1
DA:77,1
DA:79,1
DA:81,1
DA:86,1
DA:87,2
DA:88,1
DA:89,1
DA:91,1
DA:92,2
DA:93,0
DA:94,0
DA:95,0
DA:107,1
DA:108,1
DA:110,1
DA:111,1
DA:112,1
DA:113,1
DA:114,1
DA:116,1
DA:118,1
DA:119,3
DA:121,3
LF:57
LH:54
end_of_record
SF:lib\app\modules\auth\confirm-new-password\presenter\ui\confirm_new_password_page.dart
DA:17,0
DA:20,0
DA:22,0
DA:23,0
DA:24,0
DA:25,0
DA:26,0
DA:27,0
DA:28,0
DA:30,0
DA:31,0
DA:32,0
DA:33,0
DA:36,0
DA:37,0
DA:38,0
DA:40,0
DA:42,0
DA:50,0
DA:52,0
DA:53,0
DA:55,0
DA:56,0
DA:60,0
DA:61,0
DA:62,0
DA:63,0
DA:65,0
DA:67,0
DA:72,0
DA:73,0
DA:74,0
DA:75,0
DA:76,0
DA:77,0
LF:35
LH:0
end_of_record
SF:lib\app\modules\auth\forgot-password\presenter\ui\forgot_password_page.dart
DA:17,1
DA:19,1
DA:21,2
DA:22,1
DA:23,1
DA:24,1
DA:25,1
DA:26,2
DA:27,1
DA:29,2
DA:30,1
DA:31,1
DA:32,1
DA:33,1
DA:36,1
DA:37,1
DA:38,2
DA:40,1
DA:42,2
DA:50,1
DA:51,2
DA:55,1
DA:57,1
DA:58,2
DA:60,2
DA:61,1
DA:68,1
DA:69,2
DA:70,1
DA:71,1
DA:76,1
DA:77,2
DA:78,0
DA:79,0
DA:80,0
DA:90,1
DA:91,1
DA:93,1
DA:94,1
DA:95,1
DA:96,1
DA:97,1
DA:99,1
DA:101,1
DA:102,3
DA:104,3
LF:46
LH:43
end_of_record
SF:lib\app\modules\auth\login\presenter\pages\login_page.dart
DA:17,1
DA:19,1
DA:21,2
DA:22,1
DA:23,1
DA:24,2
DA:25,1
DA:27,1
DA:28,1
DA:29,2
DA:30,1
DA:32,1
DA:33,1
DA:34,1
DA:37,1
DA:38,1
DA:39,2
DA:41,1
DA:43,2
DA:51,1
DA:52,2
DA:56,1
DA:57,2
DA:58,1
DA:59,1
DA:64,1
DA:65,2
DA:66,1
DA:67,1
DA:69,1
DA:71,1
DA:76,1
DA:77,2
DA:78,0
DA:79,0
DA:80,0
DA:86,1
DA:87,2
DA:88,0
DA:89,0
DA:99,1
DA:100,1
DA:102,1
DA:103,1
DA:104,1
DA:105,1
DA:106,1
DA:108,1
DA:110,1
DA:111,3
DA:113,3
LF:51
LH:46
end_of_record
SF:lib\shared\datasource\external\http\auth_datasource.dart
DA:9,0
DA:13,0
DA:14,0
DA:18,0
DA:20,0
DA:24,0
DA:27,0
DA:30,0
DA:62,0
DA:66,0
DA:70,0
DA:72,0
DA:76,0
DA:79,0
DA:82,0
DA:84,0
DA:88,0
DA:92,0
DA:99,0
DA:113,0
DA:118,0
DA:119,0
DA:121,0
DA:125,0
DA:126,0
DA:127,0
DA:128,0
DA:129,0
DA:130,0
DA:131,0
DA:132,0
DA:133,0
DA:134,0
DA:135,0
DA:136,0
DA:137,0
DA:138,0
DA:139,0
DA:140,0
DA:141,0
DA:142,0
DA:143,0
DA:144,0
DA:145,0
DA:146,0
DA:147,0
DA:148,0
DA:149,0
DA:150,0
DA:151,0
DA:152,0
DA:153,0
DA:154,0
DA:155,0
DA:156,0
DA:158,0
DA:159,0
DA:163,0
DA:168,0
DA:169,0
DA:172,0
DA:173,0
DA:175,0
DA:177,0
LF:64
LH:0
end_of_record
SF:lib\shared\domain\usecases\get_user_attributes_usecase.dart
DA:14,0
DA:16,0
DA:18,0
DA:19,0
DA:20,0
LF:5
LH:0
end_of_record
SF:lib\shared\domain\usecases\login_user_usecase.dart
DA:13,1
DA:15,1
DA:18,2
DA:19,1
DA:20,3
LF:5
LH:5
end_of_record
SF:lib\shared\domain\usecases\login_with_new_password_usecase.dart
DA:15,0
DA:17,0
DA:21,0
DA:22,0
DA:23,0
LF:5
LH:0
end_of_record
SF:lib\shared\environment\environment_config.dart
DA:20,0
DA:21,0
DA:22,0
DA:23,0
DA:25,0
DA:27,0
DA:28,0
DA:29,0
DA:30,0
DA:35,0
LF:10
LH:0
end_of_record
SF:lib\app\modules\auth\confirm-new-password\presenter\controller\confirm_new_password_controller.g.dart
DA:16,0
DA:18,0
DA:19,0
DA:22,0
DA:24,0
DA:25,0
DA:33,0
DA:35,0
DA:36,0
DA:39,0
DA:41,0
DA:42,0
DA:49,0
DA:51,0
DA:52,0
DA:55,0
DA:57,0
DA:58,0
DA:66,0
DA:68,0
DA:69,0
DA:76,0
DA:78,0
DA:79,0
DA:81,0
DA:83,0
DA:84,0
DA:88,0
DA:91,0
DA:94,0
DA:96,0
DA:97,0
DA:101,0
DA:103,0
DA:104,0
DA:106,0
DA:108,0
DA:109,0
DA:113,0
DA:115,0
DA:116,0
DA:118,0
DA:120,0
DA:121,0
DA:125,0
DA:128,0
DA:129,0
DA:130,0
DA:131,0
LF:49
LH:0
end_of_record
SF:lib\app\modules\auth\confirm-new-password\presenter\controller\confirm_new_password_controller.dart
DA:14,0
DA:19,0
DA:20,0
DA:25,0
DA:26,0
DA:31,0
DA:32,0
DA:34,0
DA:36,0
DA:39,0
DA:41,0
DA:42,0
DA:43,0
DA:44,0
DA:45,0
DA:48,0
DA:50,0
LF:17
LH:0
end_of_record
SF:lib\app\modules\auth\guard.dart
DA:4,0
DA:5,0
DA:9,0
DA:11,0
LF:4
LH:0
end_of_record
SF:lib\app\modules\auth\login\presenter\controller\login_controller.g.dart
DA:12,2
DA:13,4
DA:15,2
DA:17,4
DA:18,2
DA:21,2
DA:23,8
DA:24,2
DA:28,2
DA:29,4
DA:31,2
DA:33,4
DA:34,2
DA:37,1
DA:39,4
DA:40,1
DA:44,2
DA:45,4
DA:47,2
DA:49,4
DA:50,2
DA:53,2
DA:55,8
DA:56,2
DA:60,2
DA:61,4
DA:63,2
DA:65,4
DA:66,2
DA:69,2
DA:71,8
DA:72,2
DA:76,2
DA:77,4
DA:79,2
DA:81,8
DA:84,2
DA:85,4
DA:87,2
DA:89,4
DA:92,2
DA:94,4
DA:98,1
DA:100,2
DA:103,1
DA:105,2
DA:109,2
DA:111,4
DA:114,2
DA:116,4
DA:120,1
DA:122,2
DA:125,1
DA:127,2
DA:131,2
DA:133,4
DA:136,2
DA:138,4
DA:142,1
DA:144,2
DA:147,1
DA:149,2
DA:153,0
DA:156,0
DA:157,0
DA:158,0
DA:159,0
DA:160,0
LF:68
LH:62
end_of_record
SF:lib\app\modules\auth\login\presenter\controller\login_controller.dart
DA:18,2
DA:23,2
DA:24,2
DA:29,1
DA:30,2
DA:35,2
DA:36,2
DA:38,1
DA:40,1
DA:46,2
DA:47,2
DA:49,1
DA:51,1
DA:54,2
DA:56,4
DA:57,8
DA:58,4
DA:59,4
DA:60,1
DA:61,4
DA:63,0
DA:66,4
DA:67,0
DA:68,0
DA:69,0
DA:71,4
DA:72,3
LF:27
LH:23
end_of_record
SF:lib\shared\helpers\utils\screen_helper.dart
DA:4,9
DA:5,9
DA:6,0
LF:3
LH:2
end_of_record
SF:lib\shared\widgets\text_field_custom_widget.dart
DA:19,3
DA:33,3
DA:35,3
DA:37,3
DA:39,3
DA:40,3
DA:41,0
DA:42,0
DA:43,0
DA:46,3
DA:47,3
DA:49,3
DA:50,3
DA:51,3
DA:52,3
DA:56,3
DA:57,9
DA:58,3
DA:59,3
DA:60,3
DA:61,2
DA:62,0
DA:63,2
DA:64,2
DA:65,2
DA:71,3
DA:72,9
DA:74,3
DA:75,3
DA:76,3
DA:78,3
DA:79,3
DA:80,3
DA:81,6
LF:34
LH:30
end_of_record
SF:lib\app\modules\auth\confirm-new-password\presenter\state\confirm_new_password_state.dart
DA:4,9
DA:12,9
DA:18,0
LF:3
LH:2
end_of_record
SF:lib\app\modules\auth\login\presenter\states\login_state.dart
DA:4,12
DA:14,10
DA:20,2
LF:3
LH:3
end_of_record
SF:lib\shared\infra\repositories\auth_repository.dart
DA:10,1
DA:12,1
DA:15,2
DA:16,1
DA:17,3
DA:20,1
DA:22,2
DA:23,1
DA:24,3
DA:27,1
DA:30,2
DA:31,1
DA:32,3
DA:35,1
DA:37,2
DA:38,1
DA:39,3
DA:42,1
DA:45,2
DA:47,1
DA:48,3
DA:51,0
DA:55,0
DA:56,0
DA:57,0
LF:25
LH:21
end_of_record
SF:lib\shared\infra\repositories\auth_repository_mock.dart
DA:12,1
DA:18,3
DA:21,1
DA:27,2
DA:30,1
DA:32,1
DA:35,1
DA:37,1
DA:40,1
DA:43,1
DA:46,0
DA:52,0
LF:12
LH:10
end_of_record
SF:lib\shared\domain\entities\user.dart
DA:12,1
DA:19,2
DA:20,1
DA:22,2
DA:23,1
DA:27,1
DA:28,3
DA:34,1
DA:35,1
DA:38,1
LF:10
LH:10
end_of_record
SF:lib\shared\helpers\errors\errors.dart
DA:8,1
DA:9,4
DA:14,1
DA:15,3
DA:19,0
DA:23,0
DA:24,0
DA:28,0
DA:29,0
LF:9
LH:4
end_of_record
SF:lib\app\modules\auth\logout\presenter\controllers\logout_controller.g.dart
DA:12,1
DA:13,2
DA:15,1
DA:17,2
DA:18,1
DA:21,1
DA:23,4
DA:24,1
DA:28,1
DA:29,2
DA:31,1
DA:33,4
DA:36,1
DA:37,2
DA:39,1
DA:41,2
DA:44,1
DA:46,2
DA:50,0
DA:53,0
DA:54,0
LF:21
LH:18
end_of_record
SF:lib\app\modules\auth\logout\presenter\controllers\logout_controller.dart
DA:15,1
DA:20,1
DA:21,1
DA:23,1
DA:25,2
DA:26,2
DA:27,3
DA:28,1
DA:29,1
DA:32,2
DA:34,3
LF:11
LH:11
end_of_record
SF:lib\app\modules\auth\logout\presenter\states\logout_state.dart
DA:4,4
DA:12,3
DA:18,1
LF:3
LH:3
end_of_record
SF:lib\shared\domain\usecases\logout_user_usecase.dart
DA:13,1
DA:15,1
DA:17,2
DA:18,1
DA:19,2
LF:5
LH:5
end_of_record
SF:lib\shared\helpers\enums\http_status_code_enum.dart
DA:22,0
DA:24,0
DA:26,0
DA:28,0
DA:30,0
DA:32,0
DA:34,0
DA:36,0
DA:38,0
DA:40,0
DA:42,0
DA:44,0
DA:46,0
DA:48,0
DA:50,0
DA:52,0
DA:57,0
DA:60,0
DA:62,0
DA:64,0
DA:66,0
DA:68,0
DA:70,0
DA:72,0
DA:74,0
DA:76,0
DA:78,0
DA:80,0
DA:82,0
DA:84,0
DA:86,0
DA:88,0
LF:32
LH:0
end_of_record
SF:lib\shared\helpers\functions\get_http_status_function.dart
DA:3,1
DA:5,1
DA:7,1
DA:9,1
DA:11,1
DA:13,1
DA:15,1
DA:17,1
DA:19,1
DA:21,1
DA:23,1
DA:25,1
DA:27,1
LF:13
LH:13
end_of_record
SF:lib\shared\helpers\services\dio_http_request.dart
DA:8,1
DA:12,1
DA:14,2
DA:17,1
DA:19,2
DA:22,1
DA:24,2
DA:27,0
DA:29,0
DA:30,0
DA:34,0
DA:36,0
LF:12
LH:7
end_of_record
SF:lib\shared\helpers\services\http_service.dart
DA:8,1
DA:12,1
DA:14,4
DA:17,1
DA:19,4
DA:22,1
DA:24,4
DA:27,1
DA:30,1
DA:31,1
DA:32,0
DA:33,0
DA:37,0
DA:41,0
DA:44,1
DA:47,1
DA:50,1
DA:53,1
DA:55,1
DA:58,2
DA:61,0
DA:63,0
DA:64,0
DA:65,0
DA:66,0
DA:67,0
DA:69,0
LF:27
LH:16
end_of_record
SF:lib\app\app_module.dart
DA:5,2
DA:6,2
DA:8,0
DA:9,0
DA:10,0
DA:11,0
DA:12,0
LF:7
LH:2
end_of_record
